SF:lib\main.dart
DA:5,0
DA:6,0
DA:10,3
DA:12,1
DA:14,1
DA:16,1
DA:25,1
DA:29,1
DA:30,1
DA:45,1
DA:48,1
DA:50,1
DA:52,1
DA:56,1
DA:57,1
DA:58,1
DA:60,1
DA:61,1
DA:62,1
DA:64,1
DA:68,1
DA:70,1
DA:73,1
DA:79,1
DA:80,1
DA:81,0
DA:89,1
DA:91,1
DA:94,1
DA:95,1
DA:96,0
DA:104,1
DA:106,1
DA:109,1
DA:110,1
DA:111,0
DA:119,1
DA:121,1
DA:124,1
DA:126,1
DA:127,1
DA:136,1
DA:138,1
DA:141,1
DA:142,1
DA:143,1
DA:144,1
DA:145,1
DA:147,1
DA:148,1
DA:149,0
DA:155,1
DA:156,1
DA:157,1
DA:158,1
DA:160,1
DA:161,1
DA:162,0
DA:168,1
DA:171,1
DA:172,1
DA:173,1
DA:174,1
DA:176,1
DA:192,1
DA:195,1
DA:196,1
DA:197,1
DA:198,1
DA:199,0
DA:205,1
DA:206,1
DA:207,1
DA:213,1
DA:215,1
DA:217,1
DA:219,1
DA:221,2
DA:223,1
DA:225,1
DA:226,1
DA:227,1
DA:228,1
DA:229,0
DA:235,1
DA:236,1
DA:237,1
DA:243,1
DA:245,1
DA:247,1
DA:249,1
DA:251,2
DA:253,1
DA:255,1
DA:256,1
DA:257,3
DA:259,1
DA:260,1
DA:261,0
DA:268,1
DA:269,1
DA:273,1
DA:274,1
LF:103
LH:93
end_of_record
